<?xml version="1.0" encoding="UTF-8"?>
<testng-results ignored="0" total="5" passed="5" failed="0" skipped="0">
  <reporter-output>
  </reporter-output>
  <suite started-at="2024-06-18T14:24:47 IST" name="Suite" finished-at="2024-06-18T14:26:35 IST" duration-ms="107634">
    <groups>
      <group name="cucumber">
        <method signature="AbstractTestNGCucumberTests.runScenario(io.cucumber.testng.PickleWrapper,io.cucumber.testng.FeatureWrapper)[pri:0, instance:testRunner.testNGTestRunner@1a75e76a]" name="runScenario" class="io.cucumber.testng.AbstractTestNGCucumberTests"/>
      </group> <!-- cucumber -->
    </groups>
    <test started-at="2024-06-18T14:24:47 IST" name="ExtentReport5 for Cucumber7" finished-at="2024-06-18T14:26:35 IST" duration-ms="107634">
      <class name="testRunner.testNGTestRunner">
        <test-method is-config="true" signature="setUpClass(org.testng.ITestContext)[pri:0, instance:testRunner.testNGTestRunner@1a75e76a]" started-at="2024-06-18T14:24:47 IST" name="setUpClass" finished-at="2024-06-18T14:24:56 IST" duration-ms="8766" status="PASS">
          <params>
            <param index="0">
              <value>
                <![CDATA[org.testng.TestRunner@6f27730b]]>
              </value>
            </param>
          </params>
          <reporter-output>
          </reporter-output>
        </test-method> <!-- setUpClass -->
        <test-method signature="runScenario(io.cucumber.testng.PickleWrapper,io.cucumber.testng.FeatureWrapper)[pri:0, instance:testRunner.testNGTestRunner@1a75e76a]" started-at="2024-06-18T14:24:56 IST" name="runScenario" description="Runs Cucumber Scenarios" data-provider="scenarios" finished-at="2024-06-18T14:25:23 IST" duration-ms="26555" status="PASS">
          <params>
            <param index="0">
              <value>
                <![CDATA["Search BookShelves and Display the Results"]]>
              </value>
            </param>
            <param index="1">
              <value>
                <![CDATA["Display Bookshelf"]]>
              </value>
            </param>
          </params>
          <reporter-output>
          </reporter-output>
        </test-method> <!-- runScenario -->
        <test-method signature="runScenario(io.cucumber.testng.PickleWrapper,io.cucumber.testng.FeatureWrapper)[pri:0, instance:testRunner.testNGTestRunner@1a75e76a]" started-at="2024-06-18T14:25:23 IST" name="runScenario" description="Runs Cucumber Scenarios" data-provider="scenarios" finished-at="2024-06-18T14:25:38 IST" duration-ms="15676" status="PASS">
          <params>
            <param index="0">
              <value>
                <![CDATA["Fill customize Gift Card with one invalid input"]]>
              </value>
            </param>
            <param index="1">
              <value>
                <![CDATA["Fill customize Gift Card"]]>
              </value>
            </param>
          </params>
          <reporter-output>
          </reporter-output>
        </test-method> <!-- runScenario -->
        <test-method signature="runScenario(io.cucumber.testng.PickleWrapper,io.cucumber.testng.FeatureWrapper)[pri:0, instance:testRunner.testNGTestRunner@1a75e76a]" started-at="2024-06-18T14:25:38 IST" name="runScenario" description="Runs Cucumber Scenarios" data-provider="scenarios" finished-at="2024-06-18T14:25:52 IST" duration-ms="14033" status="PASS">
          <params>
            <param index="0">
              <value>
                <![CDATA["Fill customize Gift Card with one invalid input"]]>
              </value>
            </param>
            <param index="1">
              <value>
                <![CDATA["Fill customize Gift Card"]]>
              </value>
            </param>
          </params>
          <reporter-output>
          </reporter-output>
        </test-method> <!-- runScenario -->
        <test-method signature="runScenario(io.cucumber.testng.PickleWrapper,io.cucumber.testng.FeatureWrapper)[pri:0, instance:testRunner.testNGTestRunner@1a75e76a]" started-at="2024-06-18T14:25:52 IST" name="runScenario" description="Runs Cucumber Scenarios" data-provider="scenarios" finished-at="2024-06-18T14:26:04 IST" duration-ms="11545" status="PASS">
          <params>
            <param index="0">
              <value>
                <![CDATA["Retrive all Sub-Menu items under Living and Store in a List."]]>
              </value>
            </param>
            <param index="1">
              <value>
                <![CDATA["Retrive all Sub-Menu items."]]>
              </value>
            </param>
          </params>
          <reporter-output>
          </reporter-output>
        </test-method> <!-- runScenario -->
        <test-method signature="runScenario(io.cucumber.testng.PickleWrapper,io.cucumber.testng.FeatureWrapper)[pri:0, instance:testRunner.testNGTestRunner@1a75e76a]" started-at="2024-06-18T14:26:04 IST" name="runScenario" description="Runs Cucumber Scenarios" data-provider="scenarios" finished-at="2024-06-18T14:26:28 IST" duration-ms="23583" status="PASS">
          <params>
            <param index="0">
              <value>
                <![CDATA["Fill Let Me Know fields if the product is out of stock"]]>
              </value>
            </param>
            <param index="1">
              <value>
                <![CDATA["Let Me Know Form"]]>
              </value>
            </param>
          </params>
          <reporter-output>
          </reporter-output>
        </test-method> <!-- runScenario -->
        <test-method is-config="true" signature="tearDownClass()[pri:0, instance:testRunner.testNGTestRunner@1a75e76a]" started-at="2024-06-18T14:26:28 IST" name="tearDownClass" finished-at="2024-06-18T14:26:35 IST" duration-ms="7394" status="PASS">
          <reporter-output>
          </reporter-output>
        </test-method> <!-- tearDownClass -->
      </class> <!-- testRunner.testNGTestRunner -->
    </test> <!-- ExtentReport5 for Cucumber7 -->
  </suite> <!-- Suite -->
</testng-results>
