<?xml version="1.0" encoding="UTF-8"?>
<testsuite xmlns:xsi="http://www.w3.org/2001/XMLSchema-instance" xsi:noNamespaceSchemaLocation="https://maven.apache.org/surefire/maven-surefire-plugin/xsd/surefire-test-report-3.0.xsd" version="3.0" name="TestSuite" time="138.934" tests="5" errors="0" skipped="0" failures="0">
  <properties>
[...]
</properties>
  <testcase name="runScenario[&quot;Search BookShelves and Display the Results&quot;, &quot;Display Bookshelf&quot;](1)" classname="testRunner.testNGTestRunner" time="26.695">
    <system-out><![CDATA[OPENING CHROME BROWSER
Navigated to :https://www.urbanladder.com/

Scenario: Search BookShelves and Display the Results # Features/displayBookshelf.feature:3
****************************
TEST SCENARIO STARTED

-> Bookshelf is selected from the Living Menu.
Popup Found:true
-> Popup is closed.
  Given Bookshelf is selected from the submenu       # stepDefinitions.displayBookshelfSteps.bookshelf_is_selected_from_the_submenu()

    Embedding screenshot [image/png 834334 bytes]

-> Price is set below Rs.15000
  When Price Range is set below Rs15000              # stepDefinitions.displayBookshelfSteps.price_range_is_set_below_rs15000()

    Embedding screenshot [image/png 342143 bytes]

-> Storage type Open is selected.
  And Select Storage Type (open)                     # stepDefinitions.displayBookshelfSteps.select_storage_type_open()

    Embedding screenshot [image/png 391622 bytes]

-> Excluded out of stock.
  And Exclude out of stock                           # stepDefinitions.displayBookshelfSteps.exclude_out_of_stock()

    Embedding screenshot [image/png 388125 bytes]

-> Bookshelves are sorted by:Recommended
  And Sort By Recommended                            # stepDefinitions.displayBookshelfSteps.sort_by_recommended()

    Embedding screenshot [image/png 393955 bytes]

-> Displaying the name & price of first 3 Bookshelves below Rs. 15000, with Storage type as open & excluded out of stock
1) Product Name: Babylon Solid Wood Bookshelf In Walnut Finish
Product Price: ₹4,619
2) Product Name: Megan Engineered Wood Bookshelf In Classic Walnut Finish
Product Price: ₹2,815
3) Product Name: Rustic Engineered Wood Bookshelf In Asian Walnut Finish
Product Price: ₹6,546
TEST SCENARIO COMPLETED
****************************
  Then Print all details in console output           # stepDefinitions.displayBookshelfSteps.print_all_details_in_console_output()

    Embedding screenshot [image/png 393955 bytes]

]]></system-out>
    <system-err><![CDATA[SLF4J(W): No SLF4J providers were found.
SLF4J(W): Defaulting to no-operation (NOP) logger implementation
SLF4J(W): See https://www.slf4j.org/codes.html#noProviders for further details.
Jun 19, 2024 9:04:36 AM org.openqa.selenium.devtools.CdpVersionFinder findNearestMatch
WARNING: Unable to find an exact match for CDP version 123, returning the closest version; found: 122; Please update to a Selenium version that supports CDP version 123
]]></system-err>
  </testcase>
  <testcase name="runScenario[&quot;Fill customize Gift Card with one invalid input&quot;, &quot;Fill customize Gift Card&quot;](2)" classname="testRunner.testNGTestRunner" time="15.733">
    <system-out><![CDATA[
Scenario Outline: Fill customize Gift Card with one invalid input  # Features/giftCard.feature:23
****************************
TEST SCENARIO STARTED

-> Gift Cards Label is Selected and Page is Navigated
  Given Select Gift Card Label                                     # stepDefinitions.giftCardSteps.select_gift_card_label()

    Embedding screenshot [image/png 1180038 bytes]

->Birthday/Anniversary Occasion is selected
  When Select Birthday/Anniversary                                 # stepDefinitions.giftCardSteps.select_birthday_anniversary()

    Embedding screenshot [image/png 343846 bytes]

-> Amount is Selected
-> Month is picked
-> Date is picked
  And Choose Amount, Date and Time                                 # stepDefinitions.giftCardSteps.choose_amount_date_and_time()

    Embedding screenshot [image/png 299850 bytes]

-> Entered All Fields
  And Fill the details with excel sheet "GiftCard" and excel row 0 # stepDefinitions.giftCardSteps.fill_the_details_with_excel_sheet_and_excel_row(java.lang.String,int)

    Embedding screenshot [image/png 1190662 bytes]

-> Inputs are Invalid
-> Displaying Error Message
Please include an '@' in the email address. 'harinigmail.com' is missing an '@'.

Result Updated in the Row: 1, Column: 9
TEST SCENARIO COMPLETED
****************************
  Then Validate the Displayed Details "Invalid"                    # stepDefinitions.giftCardSteps.validate_the_displayed_details(java.lang.String)

    Embedding screenshot [image/png 1190662 bytes]

]]></system-out>
  </testcase>
  <testcase name="runScenario[&quot;Fill customize Gift Card with one invalid input&quot;, &quot;Fill customize Gift Card&quot;](3)" classname="testRunner.testNGTestRunner" time="14.101">
    <system-out><![CDATA[
Scenario Outline: Fill customize Gift Card with one invalid input  # Features/giftCard.feature:24
****************************
TEST SCENARIO STARTED

-> Gift Cards Label is Selected and Page is Navigated
  Given Select Gift Card Label                                     # stepDefinitions.giftCardSteps.select_gift_card_label()

    Embedding screenshot [image/png 1180038 bytes]

->Birthday/Anniversary Occasion is selected
  When Select Birthday/Anniversary                                 # stepDefinitions.giftCardSteps.select_birthday_anniversary()

    Embedding screenshot [image/png 343939 bytes]

-> Amount is Selected
-> Month is picked
-> Date is picked
  And Choose Amount, Date and Time                                 # stepDefinitions.giftCardSteps.choose_amount_date_and_time()

    Embedding screenshot [image/png 328986 bytes]

-> Entered All Fields
  And Fill the details with excel sheet "GiftCard" and excel row 1 # stepDefinitions.giftCardSteps.fill_the_details_with_excel_sheet_and_excel_row(java.lang.String,int)

    Embedding screenshot [image/png 1192134 bytes]

-> Inputs are Valid
-> No error. Form is filled


Result Updated in the Row: 2, Column: 9
TEST SCENARIO COMPLETED
****************************
  Then Validate the Displayed Details "Valid"                      # stepDefinitions.giftCardSteps.validate_the_displayed_details(java.lang.String)

    Embedding screenshot [image/png 1192134 bytes]

]]></system-out>
  </testcase>
  <testcase name="runScenario[&quot;Retrive all Sub-Menu items under Living and Store in a List.&quot;, &quot;Retrive all Sub-Menu items.&quot;](4)" classname="testRunner.testNGTestRunner" time="20.459">
    <system-out><![CDATA[
Scenario: Retrive all Sub-Menu items under Living and Store in a List. # Features/headerMenu.feature:2
****************************
TEST SCENARIO STARTED
Navigated Back to Homepage
  Given Navigate to Homepage of the Urban Ladder Application           # stepDefinitions.headerMenuSteps.navigate_to_homepage_of_the_urban_ladder_application()

    Embedding screenshot [image/png 1011822 bytes]


-> Hovering over LIVING to collect all menu items

  When Living Menu is hovered                                          # stepDefinitions.headerMenuSteps.living_menu_is_hovered()

    Embedding screenshot [image/png 501570 bytes]

Categories:Chair
->Lounge Chairs
->Accent Chairs
->Recliners
->Sofa Cum Bed
->UL Assured Picks
->Ottomans & Stools
->Bean Bags
->Benches
->Bar Stools
->Rocking Chairs
->Gaming Chairs
Categories:Tables
->Coffee Tables
->Side & End Tables
->Console Table
Categories:Living Storage
->TV Units
->Bookshelves
->Shoe Racks
->Prayer Units
->Showcases
->Wall Shelves
->Entryway & Foyer
->Room Divider
->Living Room Sets
  And all submenu items are collected in a list                        # stepDefinitions.headerMenuSteps.all_submenu_items_are_collected_in_a_list()

    Embedding screenshot [image/png 739923 bytes]


->From Collections, retrieved all sub-menu items under Being-At-home and stored in a List; Displayed the same
TEST SCENARIO COMPLETED
****************************
  Then display the items                                               # stepDefinitions.headerMenuSteps.display_the_items()

    Embedding screenshot [image/png 739923 bytes]

]]></system-out>
  </testcase>
  <testcase name="runScenario[&quot;Fill Let Me Know fields if the product is out of stock&quot;, &quot;Let Me Know Form&quot;](5)" classname="testRunner.testNGTestRunner" time="28.657">
    <system-out><![CDATA[
Scenario: Fill Let Me Know fields if the product is out of stock # Features/soldout.feature:3
****************************
TEST SCENARIO STARTED
-> Searching Office Desk
  Given Search "Office Desk" in the Homepage                     # stepDefinitions.letMeKnowFormSteps.search_in_the_homepage(java.lang.String)

    Embedding screenshot [image/png 417392 bytes]

-> Popup Found:false
  When item is Out of Stock                                      # stepDefinitions.letMeKnowFormSteps.item_is_out_of_stock()

    Embedding screenshot [image/png 586292 bytes]

-> Message: Thank You. We'Ll Keep You Posted.
****************************
TEST SCENARIO COMPLETED
  Then Fill the Let Me Know Form with below detail.              # stepDefinitions.letMeKnowFormSteps.fill_the_let_me_know_form_with_below_detail(io.cucumber.datatable.DataTable)
    | email  | harini@gmail.com |
    | number | 9876543210       |

    Embedding screenshot [image/png 624575 bytes]

]]></system-out>
  </testcase>
</testsuite>