<?xml version="1.0" encoding="UTF-8"?>
<testng-results ignored="0" total="5" passed="5" failed="0" skipped="0">
  <reporter-output>
  </reporter-output>
  <suite started-at="2024-06-19T09:04:27 IST" name="Suite" finished-at="2024-06-19T09:06:44 IST" duration-ms="137173">
    <groups>
      <group name="cucumber">
        <method signature="AbstractTestNGCucumberTests.runScenario(io.cucumber.testng.PickleWrapper,io.cucumber.testng.FeatureWrapper)[pri:0, instance:testRunner.testNGTestRunner@1a75e76a]" name="runScenario" class="io.cucumber.testng.AbstractTestNGCucumberTests"/>
      </group> <!-- cucumber -->
    </groups>
    <test started-at="2024-06-19T09:04:27 IST" name="ExtentReport5 for Cucumber7" finished-at="2024-06-19T09:06:44 IST" duration-ms="137173">
      <class name="testRunner.testNGTestRunner">
        <test-method is-config="true" signature="setUpClass(org.testng.ITestContext)[pri:0, instance:testRunner.testNGTestRunner@1a75e76a]" started-at="2024-06-19T09:04:27 IST" name="setUpClass" finished-at="2024-06-19T09:04:39 IST" duration-ms="12079" status="PASS">
          <params>
            <param index="0">
              <value>
                <![CDATA[org.testng.TestRunner@615b1baf]]>
              </value>
            </param>
          </params>
          <reporter-output>
          </reporter-output>
        </test-method> <!-- setUpClass -->
        <test-method signature="runScenario(io.cucumber.testng.PickleWrapper,io.cucumber.testng.FeatureWrapper)[pri:0, instance:testRunner.testNGTestRunner@1a75e76a]" started-at="2024-06-19T09:04:39 IST" name="runScenario" description="Runs Cucumber Scenarios" data-provider="scenarios" finished-at="2024-06-19T09:05:06 IST" duration-ms="26698" status="PASS">
          <params>
            <param index="0">
              <value>
                <![CDATA["Search BookShelves and Display the Results"]]>
              </value>
            </param>
            <param index="1">
              <value>
                <![CDATA["Display Bookshelf"]]>
              </value>
            </param>
          </params>
          <reporter-output>
          </reporter-output>
        </test-method> <!-- runScenario -->
        <test-method signature="runScenario(io.cucumber.testng.PickleWrapper,io.cucumber.testng.FeatureWrapper)[pri:0, instance:testRunner.testNGTestRunner@1a75e76a]" started-at="2024-06-19T09:05:06 IST" name="runScenario" description="Runs Cucumber Scenarios" data-provider="scenarios" finished-at="2024-06-19T09:05:22 IST" duration-ms="15736" status="PASS">
          <params>
            <param index="0">
              <value>
                <![CDATA["Fill customize Gift Card with one invalid input"]]>
              </value>
            </param>
            <param index="1">
              <value>
                <![CDATA["Fill customize Gift Card"]]>
              </value>
            </param>
          </params>
          <reporter-output>
          </reporter-output>
        </test-method> <!-- runScenario -->
        <test-method signature="runScenario(io.cucumber.testng.PickleWrapper,io.cucumber.testng.FeatureWrapper)[pri:0, instance:testRunner.testNGTestRunner@1a75e76a]" started-at="2024-06-19T09:05:22 IST" name="runScenario" description="Runs Cucumber Scenarios" data-provider="scenarios" finished-at="2024-06-19T09:05:36 IST" duration-ms="14101" status="PASS">
          <params>
            <param index="0">
              <value>
                <![CDATA["Fill customize Gift Card with one invalid input"]]>
              </value>
            </param>
            <param index="1">
              <value>
                <![CDATA["Fill customize Gift Card"]]>
              </value>
            </param>
          </params>
          <reporter-output>
          </reporter-output>
        </test-method> <!-- runScenario -->
        <test-method signature="runScenario(io.cucumber.testng.PickleWrapper,io.cucumber.testng.FeatureWrapper)[pri:0, instance:testRunner.testNGTestRunner@1a75e76a]" started-at="2024-06-19T09:05:36 IST" name="runScenario" description="Runs Cucumber Scenarios" data-provider="scenarios" finished-at="2024-06-19T09:05:56 IST" duration-ms="20459" status="PASS">
          <params>
            <param index="0">
              <value>
                <![CDATA["Retrive all Sub-Menu items under Living and Store in a List."]]>
              </value>
            </param>
            <param index="1">
              <value>
                <![CDATA["Retrive all Sub-Menu items."]]>
              </value>
            </param>
          </params>
          <reporter-output>
          </reporter-output>
        </test-method> <!-- runScenario -->
        <test-method signature="runScenario(io.cucumber.testng.PickleWrapper,io.cucumber.testng.FeatureWrapper)[pri:0, instance:testRunner.testNGTestRunner@1a75e76a]" started-at="2024-06-19T09:05:56 IST" name="runScenario" description="Runs Cucumber Scenarios" data-provider="scenarios" finished-at="2024-06-19T09:06:25 IST" duration-ms="28657" status="PASS">
          <params>
            <param index="0">
              <value>
                <![CDATA["Fill Let Me Know fields if the product is out of stock"]]>
              </value>
            </param>
            <param index="1">
              <value>
                <![CDATA["Let Me Know Form"]]>
              </value>
            </param>
          </params>
          <reporter-output>
          </reporter-output>
        </test-method> <!-- runScenario -->
        <test-method is-config="true" signature="tearDownClass()[pri:0, instance:testRunner.testNGTestRunner@1a75e76a]" started-at="2024-06-19T09:06:25 IST" name="tearDownClass" finished-at="2024-06-19T09:06:44 IST" duration-ms="19327" status="PASS">
          <reporter-output>
          </reporter-output>
        </test-method> <!-- tearDownClass -->
      </class> <!-- testRunner.testNGTestRunner -->
    </test> <!-- ExtentReport5 for Cucumber7 -->
  </suite> <!-- Suite -->
</testng-results>
