<?xml version="1.0" encoding="UTF-8"?>
<testng-results ignored="0" total="5" passed="4" failed="1" skipped="0">
  <reporter-output>
  </reporter-output>
  <suite started-at="2024-06-21T11:03:46 IST" name="Default suite" finished-at="2024-06-21T11:05:51 IST" duration-ms="125232">
    <groups>
      <group name="cucumber">
        <method signature="AbstractTestNGCucumberTests.runScenario(io.cucumber.testng.PickleWrapper,io.cucumber.testng.FeatureWrapper)[pri:0, instance:testRunner.testNGTestRunner@19b843ba]" name="runScenario" class="io.cucumber.testng.AbstractTestNGCucumberTests"/>
      </group> <!-- cucumber -->
    </groups>
    <test started-at="2024-06-21T11:03:46 IST" name="Default test" finished-at="2024-06-21T11:05:51 IST" duration-ms="125232">
      <class name="testRunner.testNGTestRunner">
        <test-method is-config="true" signature="setUpClass(org.testng.ITestContext)[pri:0, instance:testRunner.testNGTestRunner@19b843ba]" started-at="2024-06-21T11:03:46 IST" name="setUpClass" finished-at="2024-06-21T11:03:56 IST" duration-ms="10204" status="PASS">
          <params>
            <param index="0">
              <value>
                <![CDATA[org.testng.TestRunner@174aabb2]]>
              </value>
            </param>
          </params>
          <reporter-output>
          </reporter-output>
        </test-method> <!-- setUpClass -->
        <test-method signature="runScenario(io.cucumber.testng.PickleWrapper,io.cucumber.testng.FeatureWrapper)[pri:0, instance:testRunner.testNGTestRunner@19b843ba]" started-at="2024-06-21T11:03:56 IST" name="runScenario" description="Runs Cucumber Scenarios" data-provider="scenarios" finished-at="2024-06-21T11:04:12 IST" duration-ms="15695" status="FAIL">
          <params>
            <param index="0">
              <value>
                <![CDATA["Search BookShelves and Display the Results"]]>
              </value>
            </param>
            <param index="1">
              <value>
                <![CDATA["Display Bookshelf"]]>
              </value>
            </param>
          </params>
          <exception class="org.openqa.selenium.JavascriptException">
            <message>
              <![CDATA[javascript error: {"status":60,"value":"[object HTMLDivElement] has no size and location"}
  (Session info: chrome=123.0.6312.59)
Build info: version: '4.18.1', revision: 'b1d3319b48'
System info: os.name: 'Windows 11', os.arch: 'amd64', os.version: '10.0', java.version: '17.0.11'
Driver info: org.openqa.selenium.chrome.ChromeDriver
Command: [11f407692d38ca416afe7d7fd2d6b281, actions {actions=[org.openqa.selenium.interactions.Sequence@10f405ff]}]
Capabilities {acceptInsecureCerts: false, browserName: chrome, browserVersion: 123.0.6312.59, chrome: {chromedriverVersion: 123.0.6312.122 (31f8248cdd9..., userDataDir: C:\WINDOWS\SystemTemp\scope...}, fedcm:accounts: true, goog:chromeOptions: {debuggerAddress: localhost:57167}, networkConnectionEnabled: false, pageLoadStrategy: normal, platformName: windows, proxy: Proxy(), se:cdp: ws://localhost:57167/devtoo..., se:cdpVersion: 123.0.6312.59, setWindowRect: true, strictFileInteractability: false, timeouts: {implicit: 0, pageLoad: 300000, script: 30000}, unhandledPromptBehavior: dismiss and notify, webauthn:extension:credBlob: true, webauthn:extension:largeBlob: true, webauthn:extension:minPinLength: true, webauthn:extension:prf: true, webauthn:virtualAuthenticators: true}
Session ID: 11f407692d38ca416afe7d7fd2d6b281]]>
            </message>
            <full-stacktrace>
              <![CDATA[org.openqa.selenium.JavascriptException: javascript error: {"status":60,"value":"[object HTMLDivElement] has no size and location"}
  (Session info: chrome=123.0.6312.59)
Build info: version: '4.18.1', revision: 'b1d3319b48'
System info: os.name: 'Windows 11', os.arch: 'amd64', os.version: '10.0', java.version: '17.0.11'
Driver info: org.openqa.selenium.chrome.ChromeDriver
Command: [11f407692d38ca416afe7d7fd2d6b281, actions {actions=[org.openqa.selenium.interactions.Sequence@10f405ff]}]
Capabilities {acceptInsecureCerts: false, browserName: chrome, browserVersion: 123.0.6312.59, chrome: {chromedriverVersion: 123.0.6312.122 (31f8248cdd9..., userDataDir: C:\WINDOWS\SystemTemp\scope...}, fedcm:accounts: true, goog:chromeOptions: {debuggerAddress: localhost:57167}, networkConnectionEnabled: false, pageLoadStrategy: normal, platformName: windows, proxy: Proxy(), se:cdp: ws://localhost:57167/devtoo..., se:cdpVersion: 123.0.6312.59, setWindowRect: true, strictFileInteractability: false, timeouts: {implicit: 0, pageLoad: 300000, script: 30000}, unhandledPromptBehavior: dismiss and notify, webauthn:extension:credBlob: true, webauthn:extension:largeBlob: true, webauthn:extension:minPinLength: true, webauthn:extension:prf: true, webauthn:virtualAuthenticators: true}
Session ID: 11f407692d38ca416afe7d7fd2d6b281
at java.base/jdk.internal.reflect.NativeConstructorAccessorImpl.newInstance0(Native Method)
at java.base/jdk.internal.reflect.NativeConstructorAccessorImpl.newInstance(NativeConstructorAccessorImpl.java:77)
at java.base/jdk.internal.reflect.DelegatingConstructorAccessorImpl.newInstance(DelegatingConstructorAccessorImpl.java:45)
at java.base/java.lang.reflect.Constructor.newInstanceWithCaller(Constructor.java:499)
at java.base/java.lang.reflect.Constructor.newInstance(Constructor.java:480)
at org.openqa.selenium.remote.ErrorCodec.decode(ErrorCodec.java:167)
at org.openqa.selenium.remote.codec.w3c.W3CHttpResponseCodec.decode(W3CHttpResponseCodec.java:138)
at org.openqa.selenium.remote.codec.w3c.W3CHttpResponseCodec.decode(W3CHttpResponseCodec.java:50)
at org.openqa.selenium.remote.HttpCommandExecutor.execute(HttpCommandExecutor.java:190)
at org.openqa.selenium.remote.service.DriverCommandExecutor.invokeExecute(DriverCommandExecutor.java:216)
at org.openqa.selenium.remote.service.DriverCommandExecutor.execute(DriverCommandExecutor.java:174)
at org.openqa.selenium.remote.RemoteWebDriver.execute(RemoteWebDriver.java:519)
at org.openqa.selenium.remote.RemoteWebDriver.perform(RemoteWebDriver.java:605)
at org.openqa.selenium.interactions.Actions$BuiltAction.perform(Actions.java:603)
at pageObjects.HomePage.setPrice(HomePage.java:163)
at stepDefinitions.displayBookshelfSteps.price_range_is_set_below_rs15000(displayBookshelfSteps.java:41)
at ✽.Price Range is set below Rs15000(file:///C:/Users/2320144/eclipse-workspace/cucumberproject/Features/displayBookshelf.feature:5)
]]>
            </full-stacktrace>
          </exception> <!-- org.openqa.selenium.JavascriptException -->
          <reporter-output>
          </reporter-output>
        </test-method> <!-- runScenario -->
        <test-method signature="runScenario(io.cucumber.testng.PickleWrapper,io.cucumber.testng.FeatureWrapper)[pri:0, instance:testRunner.testNGTestRunner@19b843ba]" started-at="2024-06-21T11:04:12 IST" name="runScenario" description="Runs Cucumber Scenarios" data-provider="scenarios" finished-at="2024-06-21T11:04:22 IST" duration-ms="9545" status="PASS">
          <params>
            <param index="0">
              <value>
                <![CDATA["Fill customize Gift Card with one invalid input"]]>
              </value>
            </param>
            <param index="1">
              <value>
                <![CDATA["Fill customize Gift Card"]]>
              </value>
            </param>
          </params>
          <reporter-output>
          </reporter-output>
        </test-method> <!-- runScenario -->
        <test-method signature="runScenario(io.cucumber.testng.PickleWrapper,io.cucumber.testng.FeatureWrapper)[pri:0, instance:testRunner.testNGTestRunner@19b843ba]" started-at="2024-06-21T11:04:22 IST" name="runScenario" description="Runs Cucumber Scenarios" data-provider="scenarios" finished-at="2024-06-21T11:04:29 IST" duration-ms="7635" status="PASS">
          <params>
            <param index="0">
              <value>
                <![CDATA["Fill customize Gift Card with one invalid input"]]>
              </value>
            </param>
            <param index="1">
              <value>
                <![CDATA["Fill customize Gift Card"]]>
              </value>
            </param>
          </params>
          <reporter-output>
          </reporter-output>
        </test-method> <!-- runScenario -->
        <test-method signature="runScenario(io.cucumber.testng.PickleWrapper,io.cucumber.testng.FeatureWrapper)[pri:0, instance:testRunner.testNGTestRunner@19b843ba]" started-at="2024-06-21T11:04:29 IST" name="runScenario" description="Runs Cucumber Scenarios" data-provider="scenarios" finished-at="2024-06-21T11:04:48 IST" duration-ms="18840" status="PASS">
          <params>
            <param index="0">
              <value>
                <![CDATA["Retrive all Sub-Menu items under Living and Store in a List."]]>
              </value>
            </param>
            <param index="1">
              <value>
                <![CDATA["Retrive all Sub-Menu items."]]>
              </value>
            </param>
          </params>
          <reporter-output>
          </reporter-output>
        </test-method> <!-- runScenario -->
        <test-method signature="runScenario(io.cucumber.testng.PickleWrapper,io.cucumber.testng.FeatureWrapper)[pri:0, instance:testRunner.testNGTestRunner@19b843ba]" started-at="2024-06-21T11:04:48 IST" name="runScenario" description="Runs Cucumber Scenarios" data-provider="scenarios" finished-at="2024-06-21T11:05:16 IST" duration-ms="27796" status="PASS">
          <params>
            <param index="0">
              <value>
                <![CDATA["Fill Let Me Know fields if the product is out of stock"]]>
              </value>
            </param>
            <param index="1">
              <value>
                <![CDATA["Let Me Know Form"]]>
              </value>
            </param>
          </params>
          <reporter-output>
          </reporter-output>
        </test-method> <!-- runScenario -->
        <test-method is-config="true" signature="tearDownClass()[pri:0, instance:testRunner.testNGTestRunner@19b843ba]" started-at="2024-06-21T11:05:16 IST" name="tearDownClass" finished-at="2024-06-21T11:05:51 IST" duration-ms="35433" status="PASS">
          <reporter-output>
          </reporter-output>
        </test-method> <!-- tearDownClass -->
      </class> <!-- testRunner.testNGTestRunner -->
    </test> <!-- Default test -->
  </suite> <!-- Default suite -->
</testng-results>
