<?xml version="1.0" encoding="UTF-8"?>
<testng-results ignored="0" total="5" passed="5" failed="0" skipped="0">
  <reporter-output>
  </reporter-output>
  <suite started-at="2024-06-21T10:32:07 IST" name="Default suite" finished-at="2024-06-21T10:34:37 IST" duration-ms="149613">
    <groups>
      <group name="cucumber">
        <method signature="AbstractTestNGCucumberTests.runScenario(io.cucumber.testng.PickleWrapper,io.cucumber.testng.FeatureWrapper)[pri:0, instance:testRunner.testNGTestRunner@19b843ba]" name="runScenario" class="io.cucumber.testng.AbstractTestNGCucumberTests"/>
      </group> <!-- cucumber -->
    </groups>
    <test started-at="2024-06-21T10:32:07 IST" name="Default test" finished-at="2024-06-21T10:34:37 IST" duration-ms="149613">
      <class name="testRunner.testNGTestRunner">
        <test-method is-config="true" signature="setUpClass(org.testng.ITestContext)[pri:0, instance:testRunner.testNGTestRunner@19b843ba]" started-at="2024-06-21T10:32:07 IST" name="setUpClass" finished-at="2024-06-21T10:32:21 IST" duration-ms="13886" status="PASS">
          <params>
            <param index="0">
              <value>
                <![CDATA[org.testng.TestRunner@3749c6ac]]>
              </value>
            </param>
          </params>
          <reporter-output>
          </reporter-output>
        </test-method> <!-- setUpClass -->
        <test-method signature="runScenario(io.cucumber.testng.PickleWrapper,io.cucumber.testng.FeatureWrapper)[pri:0, instance:testRunner.testNGTestRunner@19b843ba]" started-at="2024-06-21T10:32:21 IST" name="runScenario" description="Runs Cucumber Scenarios" data-provider="scenarios" finished-at="2024-06-21T10:32:46 IST" duration-ms="25069" status="PASS">
          <params>
            <param index="0">
              <value>
                <![CDATA["Search BookShelves and Display the Results"]]>
              </value>
            </param>
            <param index="1">
              <value>
                <![CDATA["Display Bookshelf"]]>
              </value>
            </param>
          </params>
          <reporter-output>
          </reporter-output>
        </test-method> <!-- runScenario -->
        <test-method signature="runScenario(io.cucumber.testng.PickleWrapper,io.cucumber.testng.FeatureWrapper)[pri:0, instance:testRunner.testNGTestRunner@19b843ba]" started-at="2024-06-21T10:32:46 IST" name="runScenario" description="Runs Cucumber Scenarios" data-provider="scenarios" finished-at="2024-06-21T10:33:05 IST" duration-ms="19197" status="PASS">
          <params>
            <param index="0">
              <value>
                <![CDATA["Fill customize Gift Card with one invalid input"]]>
              </value>
            </param>
            <param index="1">
              <value>
                <![CDATA["Fill customize Gift Card"]]>
              </value>
            </param>
          </params>
          <reporter-output>
          </reporter-output>
        </test-method> <!-- runScenario -->
        <test-method signature="runScenario(io.cucumber.testng.PickleWrapper,io.cucumber.testng.FeatureWrapper)[pri:0, instance:testRunner.testNGTestRunner@19b843ba]" started-at="2024-06-21T10:33:05 IST" name="runScenario" description="Runs Cucumber Scenarios" data-provider="scenarios" finished-at="2024-06-21T10:33:21 IST" duration-ms="15196" status="PASS">
          <params>
            <param index="0">
              <value>
                <![CDATA["Fill customize Gift Card with one invalid input"]]>
              </value>
            </param>
            <param index="1">
              <value>
                <![CDATA["Fill customize Gift Card"]]>
              </value>
            </param>
          </params>
          <reporter-output>
          </reporter-output>
        </test-method> <!-- runScenario -->
        <test-method signature="runScenario(io.cucumber.testng.PickleWrapper,io.cucumber.testng.FeatureWrapper)[pri:0, instance:testRunner.testNGTestRunner@19b843ba]" started-at="2024-06-21T10:33:21 IST" name="runScenario" description="Runs Cucumber Scenarios" data-provider="scenarios" finished-at="2024-06-21T10:33:40 IST" duration-ms="18991" status="PASS">
          <params>
            <param index="0">
              <value>
                <![CDATA["Retrive all Sub-Menu items under Living and Store in a List."]]>
              </value>
            </param>
            <param index="1">
              <value>
                <![CDATA["Retrive all Sub-Menu items."]]>
              </value>
            </param>
          </params>
          <reporter-output>
          </reporter-output>
        </test-method> <!-- runScenario -->
        <test-method signature="runScenario(io.cucumber.testng.PickleWrapper,io.cucumber.testng.FeatureWrapper)[pri:0, instance:testRunner.testNGTestRunner@19b843ba]" started-at="2024-06-21T10:33:40 IST" name="runScenario" description="Runs Cucumber Scenarios" data-provider="scenarios" finished-at="2024-06-21T10:34:08 IST" duration-ms="28278" status="PASS">
          <params>
            <param index="0">
              <value>
                <![CDATA["Fill Let Me Know fields if the product is out of stock"]]>
              </value>
            </param>
            <param index="1">
              <value>
                <![CDATA["Let Me Know Form"]]>
              </value>
            </param>
          </params>
          <reporter-output>
          </reporter-output>
        </test-method> <!-- runScenario -->
        <test-method is-config="true" signature="tearDownClass()[pri:0, instance:testRunner.testNGTestRunner@19b843ba]" started-at="2024-06-21T10:34:08 IST" name="tearDownClass" finished-at="2024-06-21T10:34:37 IST" duration-ms="28918" status="PASS">
          <reporter-output>
          </reporter-output>
        </test-method> <!-- tearDownClass -->
      </class> <!-- testRunner.testNGTestRunner -->
    </test> <!-- Default test -->
  </suite> <!-- Default suite -->
</testng-results>
